<?xml version="1.0" encoding="UTF-8"?>
<!-- Generated by org.testng.reporters.JUnitReportReporter -->
<testsuite hostname="DESKTOP-LDIQIRD" failures="0" tests="1" name="mavenprject2_testPackage.validateKite_TestClass_using_propertyFile" time="75.308" errors="0" timestamp="2022-04-03T13:00:29 IST" skipped="0">
  <testcase classname="mavenprject2_testPackage.validateKite_TestClass_using_propertyFile" name="validateUserName" time="75.308"/>
  <system-out>
    <![CDATA[screenshot taken for TC 1
Validated UserName]]>
  </system-out>
</testsuite> <!-- mavenprject2_testPackage.validateKite_TestClass_using_propertyFile -->
